#
# There is insufficient memory for the Java Runtime Environment to continue.
# Native memory allocation (malloc) failed to allocate 260656 bytes for Chunk::new
# Possible reasons:
#   The system is out of physical RAM or swap space
#   The process is running with CompressedOops enabled, and the Java Heap may be blocking the growth of the native heap
# Possible solutions:
#   Reduce memory load on the system
#   Increase physical memory or swap space
#   Check if swap backing store is full
#   Decrease Java heap size (-Xmx/-Xms)
#   Decrease number of Java threads
#   Decrease Java thread stack sizes (-Xss)
#   Set larger code cache with -XX:ReservedCodeCacheSize=
#   JVM is running with Unscaled Compressed Oops mode in which the Java heap is
#     placed in the first 4GB address space. The Java Heap base address is the
#     maximum limit for the native heap growth. Please use -XX:HeapBaseMinAddress
#     to set the Java Heap base and to place the Java Heap above 4GB virtual address.
# This output file may be truncated or incomplete.
#
#  Out of Memory Error (./src/hotspot/share/memory/arena.cpp:197), pid=11760, tid=10972
#
# JRE version: OpenJDK Runtime Environment JBR-11.0.13.7-1751.19-jcef (11.0.13+7) (build 11.0.13+7-b1751.19)
# Java VM: OpenJDK 64-Bit Server VM JBR-11.0.13.7-1751.19-jcef (11.0.13+7-b1751.19, mixed mode, tiered, compressed oops, g1 gc, windows-amd64)
# No core dump will be written. Minidumps are not enabled by default on client versions of Windows
#

---------------  S U M M A R Y ------------

Command Line: -Djava.rmi.server.hostname=127.0.0.1 -Duser.timezone=UTC -Xmx750m -Xms128m -Dfile.encoding=UTF-8 com.intellij.database.remote.RemoteJdbcServer org.sqlite.JDBC

Host: Intel(R) Core(TM) i5-10400F CPU @ 2.90GHz, 12 cores, 15G,  Windows 10 , 64 bit Build 19041 (10.0.19041.3636)
Time: Tue Dec 26 20:03:12 2023 RTZ 4 (зима) elapsed time: 0.598705 seconds (0d 0h 0m 0s)

---------------  T H R E A D  ---------------

Current thread (0x000001c21401c800):  JavaThread "C2 CompilerThread1" daemon [_thread_in_native, id=10972, stack(0x000000204d100000,0x000000204d200000)]


Current CompileTask:
C2:    598  586       4       java.lang.invoke.LambdaForm$Name::replaceNames (174 bytes)

Stack: [0x000000204d100000,0x000000204d200000]
Native frames: (J=compiled Java code, j=interpreted, Vv=VM code, C=native code)
V  [jvm.dll+0x613ada]
V  [jvm.dll+0x799a80]
V  [jvm.dll+0x79b09d]
V  [jvm.dll+0x79b773]
V  [jvm.dll+0x24c4c8]
V  [jvm.dll+0xc145c]
V  [jvm.dll+0xc199c]
V  [jvm.dll+0x360d9d]
V  [jvm.dll+0x32d733]
V  [jvm.dll+0x32cc2a]
V  [jvm.dll+0x204cc2]
V  [jvm.dll+0x203e47]
V  [jvm.dll+0x18b221]
V  [jvm.dll+0x212b7b]
V  [jvm.dll+0x2113d1]
V  [jvm.dll+0x7606ff]
V  [jvm.dll+0x7592b5]
V  [jvm.dll+0x612756]
C  [ucrtbase.dll+0x21bb2]
C  [KERNEL32.DLL+0x17344]
C  [ntdll.dll+0x526b1]


---------------  P R O C E S S  ---------------

Threads class SMR info:
_java_thread_list=0x000001c213ecec70, length=16, elements={
0x000001c27b681800, 0x000001c213084000, 0x000001c2130a5800, 0x000001c2130c3000,
0x000001c2130c3800, 0x000001c2130c5000, 0x000001c2130ca000, 0x000001c2130db800,
0x000001c2130de800, 0x000001c213b97000, 0x000001c213eb3800, 0x000001c213f12800,
0x000001c213f13000, 0x000001c213f15000, 0x000001c21401c800, 0x000001c2140ae800
}

Java Threads: ( => current thread )
  0x000001c27b681800 JavaThread "main" [_thread_in_Java, id=10116, stack(0x000000204bc00000,0x000000204bd00000)]
  0x000001c213084000 JavaThread "Reference Handler" daemon [_thread_blocked, id=6184, stack(0x000000204c300000,0x000000204c400000)]
  0x000001c2130a5800 JavaThread "Finalizer" daemon [_thread_blocked, id=16844, stack(0x000000204c400000,0x000000204c500000)]
  0x000001c2130c3000 JavaThread "Signal Dispatcher" daemon [_thread_blocked, id=10572, stack(0x000000204c500000,0x000000204c600000)]
  0x000001c2130c3800 JavaThread "Attach Listener" daemon [_thread_blocked, id=32, stack(0x000000204c600000,0x000000204c700000)]
  0x000001c2130c5000 JavaThread "Service Thread" daemon [_thread_blocked, id=15236, stack(0x000000204c700000,0x000000204c800000)]
  0x000001c2130ca000 JavaThread "C2 CompilerThread0" daemon [_thread_in_native, id=17124, stack(0x000000204c800000,0x000000204c900000)]
  0x000001c2130db800 JavaThread "C1 CompilerThread0" daemon [_thread_in_native, id=1520, stack(0x000000204c900000,0x000000204ca00000)]
  0x000001c2130de800 JavaThread "Sweeper thread" daemon [_thread_blocked, id=12232, stack(0x000000204ca00000,0x000000204cb00000)]
  0x000001c213b97000 JavaThread "Common-Cleaner" daemon [_thread_blocked, id=4820, stack(0x000000204cc00000,0x000000204cd00000)]
  0x000001c213eb3800 JavaThread "RMI TCP Accept-54859" daemon [_thread_in_native, id=16080, stack(0x000000204cd00000,0x000000204ce00000)]
  0x000001c213f12800 JavaThread "RMI TCP Accept-0" daemon [_thread_in_native, id=14020, stack(0x000000204ce00000,0x000000204cf00000)]
  0x000001c213f13000 JavaThread "RMI Reaper" [_thread_blocked, id=13508, stack(0x000000204cf00000,0x000000204d000000)]
  0x000001c213f15000 JavaThread "RMI GC Daemon" daemon [_thread_blocked, id=15508, stack(0x000000204d000000,0x000000204d100000)]
=>0x000001c21401c800 JavaThread "C2 CompilerThread1" daemon [_thread_in_native, id=10972, stack(0x000000204d100000,0x000000204d200000)]
  0x000001c2140ae800 JavaThread "C2 CompilerThread2" daemon [_thread_in_native, id=12368, stack(0x000000204d200000,0x000000204d300000)]

Other Threads:
  0x000001c213082000 VMThread "VM Thread" [stack: 0x000000204c200000,0x000000204c300000] [id=13172]
  0x000001c213b89000 WatcherThread [stack: 0x000000204cb00000,0x000000204cc00000] [id=15868]
  0x000001c27b698000 GCTaskThread "GC Thread#0" [stack: 0x000000204bd00000,0x000000204be00000] [id=8312]
  0x000001c27b6b1800 ConcurrentGCThread "G1 Main Marker" [stack: 0x000000204be00000,0x000000204bf00000] [id=13584]
  0x000001c27b6b3800 ConcurrentGCThread "G1 Conc#0" [stack: 0x000000204bf00000,0x000000204c000000] [id=10252]
  0x000001c27b75d800 ConcurrentGCThread "G1 Refine#0" [stack: 0x000000204c000000,0x000000204c100000] [id=6128]
  0x000001c212ef0800 ConcurrentGCThread "G1 Young RemSet Sampling" [stack: 0x000000204c100000,0x000000204c200000] [id=4140]

Threads with active compile tasks:
C2 CompilerThread0    619  644       4       jdk.internal.org.objectweb.asm.Frame::execute (2264 bytes)
C1 CompilerThread0    619  700       3       jdk.internal.org.objectweb.asm.MethodWriter::visitMaxs (1144 bytes)
C2 CompilerThread1    619  586       4       java.lang.invoke.LambdaForm$Name::replaceNames (174 bytes)
C2 CompilerThread2    619  637       4       jdk.internal.org.objectweb.asm.Type::getArgumentsAndReturnSizes (151 bytes)

VM state:not at safepoint (normal execution)

VM Mutex/Monitor currently owned by a thread:  ([mutex/lock_event])
[0x000001c27b67c050] CompiledIC_lock - owner thread: 0x0000000000000000

Heap address: 0x00000000d1200000, size: 750 MB, Compressed Oops mode: 32-bit
Narrow klass base: 0x0000000000000000, Narrow klass shift: 3
Compressed class space size: 1073741824 Address: 0x0000000100000000

Heap:
 garbage-first heap   total 131072K, used 7168K [0x00000000d1200000, 0x0000000100000000)
  region size 1024K, 9 young (9216K), 0 survivors (0K)
 Metaspace       used 9558K, capacity 9974K, committed 10112K, reserved 1058816K
  class space    used 955K, capacity 1121K, committed 1152K, reserved 1048576K
Heap Regions: E=young(eden), S=young(survivor), O=old, HS=humongous(starts), HC=humongous(continues), CS=collection set, F=free, A=archive, TAMS=top-at-mark-start (previous, next)
|   0|0x00000000d1200000, 0x00000000d1200000, 0x00000000d1300000|  0%| F|  |TAMS 0x00000000d1200000, 0x00000000d1200000| Untracked 
|   1|0x00000000d1300000, 0x00000000d1300000, 0x00000000d1400000|  0%| F|  |TAMS 0x00000000d1300000, 0x00000000d1300000| Untracked 
|   2|0x00000000d1400000, 0x00000000d1400000, 0x00000000d1500000|  0%| F|  |TAMS 0x00000000d1400000, 0x00000000d1400000| Untracked 
|   3|0x00000000d1500000, 0x00000000d1500000, 0x00000000d1600000|  0%| F|  |TAMS 0x00000000d1500000, 0x00000000d1500000| Untracked 
|   4|0x00000000d1600000, 0x00000000d1600000, 0x00000000d1700000|  0%| F|  |TAMS 0x00000000d1600000, 0x00000000d1600000| Untracked 
|   5|0x00000000d1700000, 0x00000000d1700000, 0x00000000d1800000|  0%| F|  |TAMS 0x00000000d1700000, 0x00000000d1700000| Untracked 
|   6|0x00000000d1800000, 0x00000000d1800000, 0x00000000d1900000|  0%| F|  |TAMS 0x00000000d1800000, 0x00000000d1800000| Untracked 
|   7|0x00000000d1900000, 0x00000000d1900000, 0x00000000d1a00000|  0%| F|  |TAMS 0x00000000d1900000, 0x00000000d1900000| Untracked 
|   8|0x00000000d1a00000, 0x00000000d1a00000, 0x00000000d1b00000|  0%| F|  |TAMS 0x00000000d1a00000, 0x00000000d1a00000| Untracked 
|   9|0x00000000d1b00000, 0x00000000d1b00000, 0x00000000d1c00000|  0%| F|  |TAMS 0x00000000d1b00000, 0x00000000d1b00000| Untracked 
|  10|0x00000000d1c00000, 0x00000000d1c00000, 0x00000000d1d00000|  0%| F|  |TAMS 0x00000000d1c00000, 0x00000000d1c00000| Untracked 
|  11|0x00000000d1d00000, 0x00000000d1d00000, 0x00000000d1e00000|  0%| F|  |TAMS 0x00000000d1d00000, 0x00000000d1d00000| Untracked 
|  12|0x00000000d1e00000, 0x00000000d1e00000, 0x00000000d1f00000|  0%| F|  |TAMS 0x00000000d1e00000, 0x00000000d1e00000| Untracked 
|  13|0x00000000d1f00000, 0x00000000d1f00000, 0x00000000d2000000|  0%| F|  |TAMS 0x00000000d1f00000, 0x00000000d1f00000| Untracked 
|  14|0x00000000d2000000, 0x00000000d2000000, 0x00000000d2100000|  0%| F|  |TAMS 0x00000000d2000000, 0x00000000d2000000| Untracked 
|  15|0x00000000d2100000, 0x00000000d2100000, 0x00000000d2200000|  0%| F|  |TAMS 0x00000000d2100000, 0x00000000d2100000| Untracked 
|  16|0x00000000d2200000, 0x00000000d2200000, 0x00000000d2300000|  0%| F|  |TAMS 0x00000000d2200000, 0x00000000d2200000| Untracked 
|  17|0x00000000d2300000, 0x00000000d2300000, 0x00000000d2400000|  0%| F|  |TAMS 0x00000000d2300000, 0x00000000d2300000| Untracked 
|  18|0x00000000d2400000, 0x00000000d2400000, 0x00000000d2500000|  0%| F|  |TAMS 0x00000000d2400000, 0x00000000d2400000| Untracked 
|  19|0x00000000d2500000, 0x00000000d2500000, 0x00000000d2600000|  0%| F|  |TAMS 0x00000000d2500000, 0x00000000d2500000| Untracked 
|  20|0x00000000d2600000, 0x00000000d2600000, 0x00000000d2700000|  0%| F|  |TAMS 0x00000000d2600000, 0x00000000d2600000| Untracked 
|  21|0x00000000d2700000, 0x00000000d2700000, 0x00000000d2800000|  0%| F|  |TAMS 0x00000000d2700000, 0x00000000d2700000| Untracked 
|  22|0x00000000d2800000, 0x00000000d2800000, 0x00000000d2900000|  0%| F|  |TAMS 0x00000000d2800000, 0x00000000d2800000| Untracked 
|  23|0x00000000d2900000, 0x00000000d2900000, 0x00000000d2a00000|  0%| F|  |TAMS 0x00000000d2900000, 0x00000000d2900000| Untracked 
|  24|0x00000000d2a00000, 0x00000000d2a00000, 0x00000000d2b00000|  0%| F|  |TAMS 0x00000000d2a00000, 0x00000000d2a00000| Untracked 
|  25|0x00000000d2b00000, 0x00000000d2b00000, 0x00000000d2c00000|  0%| F|  |TAMS 0x00000000d2b00000, 0x00000000d2b00000| Untracked 
|  26|0x00000000d2c00000, 0x00000000d2c00000, 0x00000000d2d00000|  0%| F|  |TAMS 0x00000000d2c00000, 0x00000000d2c00000| Untracked 
|  27|0x00000000d2d00000, 0x00000000d2d00000, 0x00000000d2e00000|  0%| F|  |TAMS 0x00000000d2d00000, 0x00000000d2d00000| Untracked 
|  28|0x00000000d2e00000, 0x00000000d2e00000, 0x00000000d2f00000|  0%| F|  |TAMS 0x00000000d2e00000, 0x00000000d2e00000| Untracked 
|  29|0x00000000d2f00000, 0x00000000d2f00000, 0x00000000d3000000|  0%| F|  |TAMS 0x00000000d2f00000, 0x00000000d2f00000| Untracked 
|  30|0x00000000d3000000, 0x00000000d3000000, 0x00000000d3100000|  0%| F|  |TAMS 0x00000000d3000000, 0x00000000d3000000| Untracked 
|  31|0x00000000d3100000, 0x00000000d3100000, 0x00000000d3200000|  0%| F|  |TAMS 0x00000000d3100000, 0x00000000d3100000| Untracked 
|  32|0x00000000d3200000, 0x00000000d3200000, 0x00000000d3300000|  0%| F|  |TAMS 0x00000000d3200000, 0x00000000d3200000| Untracked 
|  33|0x00000000d3300000, 0x00000000d3300000, 0x00000000d3400000|  0%| F|  |TAMS 0x00000000d3300000, 0x00000000d3300000| Untracked 
|  34|0x00000000d3400000, 0x00000000d3400000, 0x00000000d3500000|  0%| F|  |TAMS 0x00000000d3400000, 0x00000000d3400000| Untracked 
|  35|0x00000000d3500000, 0x00000000d3500000, 0x00000000d3600000|  0%| F|  |TAMS 0x00000000d3500000, 0x00000000d3500000| Untracked 
|  36|0x00000000d3600000, 0x00000000d3600000, 0x00000000d3700000|  0%| F|  |TAMS 0x00000000d3600000, 0x00000000d3600000| Untracked 
|  37|0x00000000d3700000, 0x00000000d3700000, 0x00000000d3800000|  0%| F|  |TAMS 0x00000000d3700000, 0x00000000d3700000| Untracked 
|  38|0x00000000d3800000, 0x00000000d3800000, 0x00000000d3900000|  0%| F|  |TAMS 0x00000000d3800000, 0x00000000d3800000| Untracked 
|  39|0x00000000d3900000, 0x00000000d3900000, 0x00000000d3a00000|  0%| F|  |TAMS 0x00000000d3900000, 0x00000000d3900000| Untracked 
|  40|0x00000000d3a00000, 0x00000000d3a00000, 0x00000000d3b00000|  0%| F|  |TAMS 0x00000000d3a00000, 0x00000000d3a00000| Untracked 
|  41|0x00000000d3b00000, 0x00000000d3b00000, 0x00000000d3c00000|  0%| F|  |TAMS 0x00000000d3b00000, 0x00000000d3b00000| Untracked 
|  42|0x00000000d3c00000, 0x00000000d3c00000, 0x00000000d3d00000|  0%| F|  |TAMS 0x00000000d3c00000, 0x00000000d3c00000| Untracked 
|  43|0x00000000d3d00000, 0x00000000d3d00000, 0x00000000d3e00000|  0%| F|  |TAMS 0x00000000d3d00000, 0x00000000d3d00000| Untracked 
|  44|0x00000000d3e00000, 0x00000000d3e00000, 0x00000000d3f00000|  0%| F|  |TAMS 0x00000000d3e00000, 0x00000000d3e00000| Untracked 
|  45|0x00000000d3f00000, 0x00000000d3f00000, 0x00000000d4000000|  0%| F|  |TAMS 0x00000000d3f00000, 0x00000000d3f00000| Untracked 
|  46|0x00000000d4000000, 0x00000000d4000000, 0x00000000d4100000|  0%| F|  |TAMS 0x00000000d4000000, 0x00000000d4000000| Untracked 
|  47|0x00000000d4100000, 0x00000000d4100000, 0x00000000d4200000|  0%| F|  |TAMS 0x00000000d4100000, 0x00000000d4100000| Untracked 
|  48|0x00000000d4200000, 0x00000000d4200000, 0x00000000d4300000|  0%| F|  |TAMS 0x00000000d4200000, 0x00000000d4200000| Untracked 
|  49|0x00000000d4300000, 0x00000000d4300000, 0x00000000d4400000|  0%| F|  |TAMS 0x00000000d4300000, 0x00000000d4300000| Untracked 
|  50|0x00000000d4400000, 0x00000000d4400000, 0x00000000d4500000|  0%| F|  |TAMS 0x00000000d4400000, 0x00000000d4400000| Untracked 
|  51|0x00000000d4500000, 0x00000000d4500000, 0x00000000d4600000|  0%| F|  |TAMS 0x00000000d4500000, 0x00000000d4500000| Untracked 
|  52|0x00000000d4600000, 0x00000000d4600000, 0x00000000d4700000|  0%| F|  |TAMS 0x00000000d4600000, 0x00000000d4600000| Untracked 
|  53|0x00000000d4700000, 0x00000000d4700000, 0x00000000d4800000|  0%| F|  |TAMS 0x00000000d4700000, 0x00000000d4700000| Untracked 
|  54|0x00000000d4800000, 0x00000000d4800000, 0x00000000d4900000|  0%| F|  |TAMS 0x00000000d4800000, 0x00000000d4800000| Untracked 
|  55|0x00000000d4900000, 0x00000000d4900000, 0x00000000d4a00000|  0%| F|  |TAMS 0x00000000d4900000, 0x00000000d4900000| Untracked 
|  56|0x00000000d4a00000, 0x00000000d4a00000, 0x00000000d4b00000|  0%| F|  |TAMS 0x00000000d4a00000, 0x00000000d4a00000| Untracked 
|  57|0x00000000d4b00000, 0x00000000d4b00000, 0x00000000d4c00000|  0%| F|  |TAMS 0x00000000d4b00000, 0x00000000d4b00000| Untracked 
|  58|0x00000000d4c00000, 0x00000000d4c00000, 0x00000000d4d00000|  0%| F|  |TAMS 0x00000000d4c00000, 0x00000000d4c00000| Untracked 
|  59|0x00000000d4d00000, 0x00000000d4d00000, 0x00000000d4e00000|  0%| F|  |TAMS 0x00000000d4d00000, 0x00000000d4d00000| Untracked 
|  60|0x00000000d4e00000, 0x00000000d4e00000, 0x00000000d4f00000|  0%| F|  |TAMS 0x00000000d4e00000, 0x00000000d4e00000| Untracked 
|  61|0x00000000d4f00000, 0x00000000d4f00000, 0x00000000d5000000|  0%| F|  |TAMS 0x00000000d4f00000, 0x00000000d4f00000| Untracked 
|  62|0x00000000d5000000, 0x00000000d5000000, 0x00000000d5100000|  0%| F|  |TAMS 0x00000000d5000000, 0x00000000d5000000| Untracked 
|  63|0x00000000d5100000, 0x00000000d5100000, 0x00000000d5200000|  0%| F|  |TAMS 0x00000000d5100000, 0x00000000d5100000| Untracked 
|  64|0x00000000d5200000, 0x00000000d5200000, 0x00000000d5300000|  0%| F|  |TAMS 0x00000000d5200000, 0x00000000d5200000| Untracked 
|  65|0x00000000d5300000, 0x00000000d5300000, 0x00000000d5400000|  0%| F|  |TAMS 0x00000000d5300000, 0x00000000d5300000| Untracked 
|  66|0x00000000d5400000, 0x00000000d5400000, 0x00000000d5500000|  0%| F|  |TAMS 0x00000000d5400000, 0x00000000d5400000| Untracked 
|  67|0x00000000d5500000, 0x00000000d5500000, 0x00000000d5600000|  0%| F|  |TAMS 0x00000000d5500000, 0x00000000d5500000| Untracked 
|  68|0x00000000d5600000, 0x00000000d5600000, 0x00000000d5700000|  0%| F|  |TAMS 0x00000000d5600000, 0x00000000d5600000| Untracked 
|  69|0x00000000d5700000, 0x00000000d5700000, 0x00000000d5800000|  0%| F|  |TAMS 0x00000000d5700000, 0x00000000d5700000| Untracked 
|  70|0x00000000d5800000, 0x00000000d5800000, 0x00000000d5900000|  0%| F|  |TAMS 0x00000000d5800000, 0x00000000d5800000| Untracked 
|  71|0x00000000d5900000, 0x00000000d5900000, 0x00000000d5a00000|  0%| F|  |TAMS 0x00000000d5900000, 0x00000000d5900000| Untracked 
|  72|0x00000000d5a00000, 0x00000000d5a00000, 0x00000000d5b00000|  0%| F|  |TAMS 0x00000000d5a00000, 0x00000000d5a00000| Untracked 
|  73|0x00000000d5b00000, 0x00000000d5b00000, 0x00000000d5c00000|  0%| F|  |TAMS 0x00000000d5b00000, 0x00000000d5b00000| Untracked 
|  74|0x00000000d5c00000, 0x00000000d5c00000, 0x00000000d5d00000|  0%| F|  |TAMS 0x00000000d5c00000, 0x00000000d5c00000| Untracked 
|  75|0x00000000d5d00000, 0x00000000d5d00000, 0x00000000d5e00000|  0%| F|  |TAMS 0x00000000d5d00000, 0x00000000d5d00000| Untracked 
|  76|0x00000000d5e00000, 0x00000000d5e00000, 0x00000000d5f00000|  0%| F|  |TAMS 0x00000000d5e00000, 0x00000000d5e00000| Untracked 
|  77|0x00000000d5f00000, 0x00000000d5f00000, 0x00000000d6000000|  0%| F|  |TAMS 0x00000000d5f00000, 0x00000000d5f00000| Untracked 
|  78|0x00000000d6000000, 0x00000000d6000000, 0x00000000d6100000|  0%| F|  |TAMS 0x00000000d6000000, 0x00000000d6000000| Untracked 
|  79|0x00000000d6100000, 0x00000000d6100000, 0x00000000d6200000|  0%| F|  |TAMS 0x00000000d6100000, 0x00000000d6100000| Untracked 
|  80|0x00000000d6200000, 0x00000000d6200000, 0x00000000d6300000|  0%| F|  |TAMS 0x00000000d6200000, 0x00000000d6200000| Untracked 
|  81|0x00000000d6300000, 0x00000000d6300000, 0x00000000d6400000|  0%| F|  |TAMS 0x00000000d6300000, 0x00000000d6300000| Untracked 
|  82|0x00000000d6400000, 0x00000000d6400000, 0x00000000d6500000|  0%| F|  |TAMS 0x00000000d6400000, 0x00000000d6400000| Untracked 
|  83|0x00000000d6500000, 0x00000000d6500000, 0x00000000d6600000|  0%| F|  |TAMS 0x00000000d6500000, 0x00000000d6500000| Untracked 
|  84|0x00000000d6600000, 0x00000000d6600000, 0x00000000d6700000|  0%| F|  |TAMS 0x00000000d6600000, 0x00000000d6600000| Untracked 
|  85|0x00000000d6700000, 0x00000000d6700000, 0x00000000d6800000|  0%| F|  |TAMS 0x00000000d6700000, 0x00000000d6700000| Untracked 
|  86|0x00000000d6800000, 0x00000000d6800000, 0x00000000d6900000|  0%| F|  |TAMS 0x00000000d6800000, 0x00000000d6800000| Untracked 
|  87|0x00000000d6900000, 0x00000000d6900000, 0x00000000d6a00000|  0%| F|  |TAMS 0x00000000d6900000, 0x00000000d6900000| Untracked 
|  88|0x00000000d6a00000, 0x00000000d6a00000, 0x00000000d6b00000|  0%| F|  |TAMS 0x00000000d6a00000, 0x00000000d6a00000| Untracked 
|  89|0x00000000d6b00000, 0x00000000d6b00000, 0x00000000d6c00000|  0%| F|  |TAMS 0x00000000d6b00000, 0x00000000d6b00000| Untracked 
|  90|0x00000000d6c00000, 0x00000000d6c00000, 0x00000000d6d00000|  0%| F|  |TAMS 0x00000000d6c00000, 0x00000000d6c00000| Untracked 
|  91|0x00000000d6d00000, 0x00000000d6d00000, 0x00000000d6e00000|  0%| F|  |TAMS 0x00000000d6d00000, 0x00000000d6d00000| Untracked 
|  92|0x00000000d6e00000, 0x00000000d6e00000, 0x00000000d6f00000|  0%| F|  |TAMS 0x00000000d6e00000, 0x00000000d6e00000| Untracked 
|  93|0x00000000d6f00000, 0x00000000d6f00000, 0x00000000d7000000|  0%| F|  |TAMS 0x00000000d6f00000, 0x00000000d6f00000| Untracked 
|  94|0x00000000d7000000, 0x00000000d7000000, 0x00000000d7100000|  0%| F|  |TAMS 0x00000000d7000000, 0x00000000d7000000| Untracked 
|  95|0x00000000d7100000, 0x00000000d7100000, 0x00000000d7200000|  0%| F|  |TAMS 0x00000000d7100000, 0x00000000d7100000| Untracked 
|  96|0x00000000d7200000, 0x00000000d7200000, 0x00000000d7300000|  0%| F|  |TAMS 0x00000000d7200000, 0x00000000d7200000| Untracked 
|  97|0x00000000d7300000, 0x00000000d7300000, 0x00000000d7400000|  0%| F|  |TAMS 0x00000000d7300000, 0x00000000d7300000| Untracked 
|  98|0x00000000d7400000, 0x00000000d7400000, 0x00000000d7500000|  0%| F|  |TAMS 0x00000000d7400000, 0x00000000d7400000| Untracked 
|  99|0x00000000d7500000, 0x00000000d7500000, 0x00000000d7600000|  0%| F|  |TAMS 0x00000000d7500000, 0x00000000d7500000| Untracked 
| 100|0x00000000d7600000, 0x00000000d7600000, 0x00000000d7700000|  0%| F|  |TAMS 0x00000000d7600000, 0x00000000d7600000| Untracked 
| 101|0x00000000d7700000, 0x00000000d7700000, 0x00000000d7800000|  0%| F|  |TAMS 0x00000000d7700000, 0x00000000d7700000| Untracked 
| 102|0x00000000d7800000, 0x00000000d7800000, 0x00000000d7900000|  0%| F|  |TAMS 0x00000000d7800000, 0x00000000d7800000| Untracked 
| 103|0x00000000d7900000, 0x00000000d7900000, 0x00000000d7a00000|  0%| F|  |TAMS 0x00000000d7900000, 0x00000000d7900000| Untracked 
| 104|0x00000000d7a00000, 0x00000000d7a00000, 0x00000000d7b00000|  0%| F|  |TAMS 0x00000000d7a00000, 0x00000000d7a00000| Untracked 
| 105|0x00000000d7b00000, 0x00000000d7b00000, 0x00000000d7c00000|  0%| F|  |TAMS 0x00000000d7b00000, 0x00000000d7b00000| Untracked 
| 106|0x00000000d7c00000, 0x00000000d7c00000, 0x00000000d7d00000|  0%| F|  |TAMS 0x00000000d7c00000, 0x00000000d7c00000| Untracked 
| 107|0x00000000d7d00000, 0x00000000d7d00000, 0x00000000d7e00000|  0%| F|  |TAMS 0x00000000d7d00000, 0x00000000d7d00000| Untracked 
| 108|0x00000000d7e00000, 0x00000000d7e00000, 0x00000000d7f00000|  0%| F|  |TAMS 0x00000000d7e00000, 0x00000000d7e00000| Untracked 
| 109|0x00000000d7f00000, 0x00000000d7f00000, 0x00000000d8000000|  0%| F|  |TAMS 0x00000000d7f00000, 0x00000000d7f00000| Untracked 
| 110|0x00000000d8000000, 0x00000000d8000000, 0x00000000d8100000|  0%| F|  |TAMS 0x00000000d8000000, 0x00000000d8000000| Untracked 
| 111|0x00000000d8100000, 0x00000000d8100000, 0x00000000d8200000|  0%| F|  |TAMS 0x00000000d8100000, 0x00000000d8100000| Untracked 
| 112|0x00000000d8200000, 0x00000000d8200000, 0x00000000d8300000|  0%| F|  |TAMS 0x00000000d8200000, 0x00000000d8200000| Untracked 
| 113|0x00000000d8300000, 0x00000000d8300000, 0x00000000d8400000|  0%| F|  |TAMS 0x00000000d8300000, 0x00000000d8300000| Untracked 
| 114|0x00000000d8400000, 0x00000000d8400000, 0x00000000d8500000|  0%| F|  |TAMS 0x00000000d8400000, 0x00000000d8400000| Untracked 
| 115|0x00000000d8500000, 0x00000000d8500000, 0x00000000d8600000|  0%| F|  |TAMS 0x00000000d8500000, 0x00000000d8500000| Untracked 
| 116|0x00000000d8600000, 0x00000000d8600000, 0x00000000d8700000|  0%| F|  |TAMS 0x00000000d8600000, 0x00000000d8600000| Untracked 
| 117|0x00000000d8700000, 0x00000000d8700000, 0x00000000d8800000|  0%| F|  |TAMS 0x00000000d8700000, 0x00000000d8700000| Untracked 
| 118|0x00000000d8800000, 0x00000000d887b630, 0x00000000d8900000| 48%| E|  |TAMS 0x00000000d8800000, 0x00000000d8800000| Complete 
| 119|0x00000000d8900000, 0x00000000d8a00000, 0x00000000d8a00000|100%| E|CS|TAMS 0x00000000d8900000, 0x00000000d8900000| Complete 
| 120|0x00000000d8a00000, 0x00000000d8b00000, 0x00000000d8b00000|100%| E|CS|TAMS 0x00000000d8a00000, 0x00000000d8a00000| Complete 
| 121|0x00000000d8b00000, 0x00000000d8c00000, 0x00000000d8c00000|100%| E|CS|TAMS 0x00000000d8b00000, 0x00000000d8b00000| Complete 
| 122|0x00000000d8c00000, 0x00000000d8d00000, 0x00000000d8d00000|100%| E|CS|TAMS 0x00000000d8c00000, 0x00000000d8c00000| Complete 
| 123|0x00000000d8d00000, 0x00000000d8e00000, 0x00000000d8e00000|100%| E|CS|TAMS 0x00000000d8d00000, 0x00000000d8d00000| Complete 
| 124|0x00000000d8e00000, 0x00000000d8f00000, 0x00000000d8f00000|100%| E|CS|TAMS 0x00000000d8e00000, 0x00000000d8e00000| Complete 
| 125|0x00000000d8f00000, 0x00000000d9000000, 0x00000000d9000000|100%| E|CS|TAMS 0x00000000d8f00000, 0x00000000d8f00000| Complete 
| 126|0x00000000d9000000, 0x00000000d9100000, 0x00000000d9100000|100%| E|  |TAMS 0x00000000d9000000, 0x00000000d9000000| Complete 
| 127|0x00000000d9100000, 0x00000000d9200000, 0x00000000d9200000|100%| E|CS|TAMS 0x00000000d9100000, 0x00000000d9100000| Complete 

Card table byte_map: [0x000001c27f9a0000,0x000001c27fb20000] _byte_map_base: 0x000001c27f317000

Marking Bits (Prev, Next): (CMBitMap*) 0x000001c27b6adb88, (CMBitMap*) 0x000001c27b6adbc0
 Prev Bits: [0x000001c20f000000, 0x000001c20fbb8000)
 Next Bits: [0x000001c20fbc0000, 0x000001c210778000)

Polling page: 0x000001c279680000

Metaspace:

Usage:
  Non-class:      8.65 MB capacity,     8.43 MB ( 97%) used,   201.23 KB (  2%) free+waste,    31.69 KB ( <1%) overhead. 
      Class:      1.10 MB capacity,   962.73 KB ( 85%) used,   147.52 KB ( 13%) free+waste,    16.75 KB (  1%) overhead. 
       Both:      9.75 MB capacity,     9.37 MB ( 96%) used,   348.74 KB (  3%) free+waste,    48.44 KB ( <1%) overhead. 

Virtual space:
  Non-class space:       10.00 MB reserved,       8.75 MB ( 88%) committed 
      Class space:        1.00 GB reserved,       1.13 MB ( <1%) committed 
             Both:        1.01 GB reserved,       9.88 MB ( <1%) committed 

Chunk freelists:
   Non-Class:  0 bytes
       Class:  0 bytes
        Both:  0 bytes

MaxMetaspaceSize: 17179869184.00 GB
CompressedClassSpaceSize: 1.00 GB
Initial GC threshold: 20.80 MB
Current GC threshold: 20.80 MB
CDS: off

CodeHeap 'non-profiled nmethods': size=120000Kb used=209Kb max_used=209Kb free=119790Kb
 bounds [0x000001c207ad0000, 0x000001c207d40000, 0x000001c20f000000]
CodeHeap 'profiled nmethods': size=120000Kb used=1116Kb max_used=1116Kb free=118883Kb
 bounds [0x000001c2005a0000, 0x000001c200810000, 0x000001c207ad0000]
CodeHeap 'non-nmethods': size=5760Kb used=1151Kb max_used=1160Kb free=4608Kb
 bounds [0x000001c200000000, 0x000001c200270000, 0x000001c2005a0000]
 total_blobs=1108 nmethods=699 adapters=322
 compilation: enabled
              stopped_count=0, restarted_count=0
 full_count=0

Compilation events (20 events):
Event: 0.590 Thread 0x000001c2130db800 nmethod 617 0x000001c20068a490 code [0x000001c20068a780, 0x000001c20068b458]
Event: 0.590 Thread 0x000001c2130db800  619       3       java.lang.invoke.ClassSpecializer$Factory$1Var::emitFieldInsn (18 bytes)
Event: 0.590 Thread 0x000001c2130db800 nmethod 619 0x000001c20068b990 code [0x000001c20068bb40, 0x000001c20068bd08]
Event: 0.590 Thread 0x000001c2130db800  620       3       java.util.Arrays$ArrayItr::hasNext (18 bytes)
Event: 0.590 Thread 0x000001c2130db800 nmethod 620 0x000001c20068be10 code [0x000001c20068bfc0, 0x000001c20068c138]
Event: 0.590 Thread 0x000001c2130db800  621       3       java.util.Collections$UnmodifiableCollection$1::hasNext (10 bytes)
Event: 0.590 Thread 0x000001c2130db800 nmethod 621 0x000001c20068c210 code [0x000001c20068c3c0, 0x000001c20068c588]
Event: 0.590 Thread 0x000001c2130db800  618       3       java.lang.invoke.ClassSpecializer$Factory::chooseFieldName (32 bytes)
Event: 0.591 Thread 0x000001c2130db800 nmethod 618 0x000001c20068c690 code [0x000001c20068c920, 0x000001c20068d2f8]
Event: 0.591 Thread 0x000001c2130db800  622       1       java.lang.Integer::intValue (5 bytes)
Event: 0.591 Thread 0x000001c2130db800 nmethod 622 0x000001c207afc610 code [0x000001c207afc7c0, 0x000001c207afc878]
Event: 0.592 Thread 0x000001c2130db800  625       3       java.lang.invoke.LambdaFormBuffer::clearDuplicatesAndNulls (268 bytes)
Event: 0.593 Thread 0x000001c2130db800 nmethod 625 0x000001c20068d710 code [0x000001c20068d9c0, 0x000001c20068e898]
Event: 0.593 Thread 0x000001c2130db800  627       3       jdk.internal.org.objectweb.asm.Frame::initInputFrame (158 bytes)
Event: 0.594 Thread 0x000001c2130db800 nmethod 627 0x000001c20068ed90 code [0x000001c20068efe0, 0x000001c20068f928]
Event: 0.594 Thread 0x000001c2130db800  628       3       java.lang.invoke.ClassSpecializer$Factory$1Var::<init> (146 bytes)
Event: 0.595 Thread 0x000001c2130db800 nmethod 628 0x000001c20068fd90 code [0x000001c2006901a0, 0x000001c200691ab8]
Event: 0.595 Thread 0x000001c2130db800  631       3       java.lang.invoke.MethodHandles$Lookup::checkAccess (226 bytes)
Event: 0.597 Thread 0x000001c2130db800 nmethod 631 0x000001c200692490 code [0x000001c200692820, 0x000001c200693dd8]
Event: 0.597 Thread 0x000001c2130db800  629       3       java.lang.invoke.ClassSpecializer$Factory$1Var::nextSlotIndex (24 bytes)

GC Heap History (0 events):
No events

Deoptimization events (4 events):
Event: 0.069 Thread 0x000001c27b681800 Uncommon trap: trap_request=0xffffff4d fr.pc=0x000001c207ad3f90 relative=0x00000000000001f0
Event: 0.069 Thread 0x000001c27b681800 Uncommon trap: reason=unstable_if action=reinterpret pc=0x000001c207ad3f90 method=java.lang.String.hashCode()I @ 14 c2
Event: 0.069 Thread 0x000001c27b681800 DEOPT PACKING pc=0x000001c207ad3f90 sp=0x000000204bcfd660
Event: 0.069 Thread 0x000001c27b681800 DEOPT UNPACKING pc=0x000001c20004a1af sp=0x000000204bcfd5f8 mode 2

Classes redefined (0 events):
No events

Internal exceptions (10 events):
Event: 0.424 Thread 0x000001c27b681800 Exception <a 'java/lang/NoSuchMethodError'{0x00000000d8e89868}: 'java.lang.Object java.lang.invoke.DirectMethodHandle$Holder.invokeStaticInit(java.lang.Object, int, int, int, int)'> (0x00000000d8e89868) thrown at [./src/hotspot/share/interpreter/linkResolver.cpp, line 773]
Event: 0.517 Thread 0x000001c27b681800 Exception <a 'java/lang/NoSuchMethodError'{0x00000000d8d287d0}: 'java.lang.Object java.lang.invoke.DirectMethodHandle$Holder.invokeStaticInit(java.lang.Object, java.lang.Object, int, int, int, int)'> (0x00000000d8d287d0) thrown at [./src/hotspot/share/interpreter/linkResolver.cpp, line 773]
Event: 0.573 Thread 0x000001c27b681800 Exception <a 'java/lang/NoSuchMethodError'{0x00000000d8b4d1a8}: 'java.lang.Object java.lang.invoke.DirectMethodHandle$Holder.invokeStatic(java.lang.Object, java.lang.Object, java.lang.Object, java.lang.Object, java.lang.Object, java.lang.Object, java.lang.Object, java.lang.Object, java.lang.Object, java.lang.Object, java.lang.Object, java.lang.Object, java.lang.Object, int)'> (0x00000000d8b4d1a8) thrown at [./src/hotspot/share/interpreter/linkResolver.cpp, line 773]
Event: 0.574 Thread 0x000001c27b681800 Exception <a 'java/lang/NoSuchMethodError'{0x00000000d8b596e8}: 'java.lang.Object java.lang.invoke.DirectMethodHandle$Holder.invokeStatic(java.lang.Object, java.lang.Object, java.lang.Object, java.lang.Object, java.lang.Object, java.lang.Object, java.lang.Object, java.lang.Object, java.lang.Object, java.lang.Object, java.lang.Object, java.lang.Object, java.lang.Object, int, int)'> (0x00000000d8b596e8) thrown at [./src/hotspot/share/interpreter/linkResolver.cpp, line 773]
Event: 0.575 Thread 0x000001c27b681800 Exception <a 'java/lang/NoSuchMethodError'{0x00000000d8b65e58}: 'java.lang.Object java.lang.invoke.DirectMethodHandle$Holder.invokeStatic(java.lang.Object, java.lang.Object, java.lang.Object, java.lang.Object, java.lang.Object, java.lang.Object, java.lang.Object, java.lang.Object, java.lang.Object, java.lang.Object, java.lang.Object, java.lang.Object, java.lang.Object, int, int, java.lang.Object)'> (0x00000000d8b65e58) thrown at [./src/hotspot/share/interpreter/linkResolver.cpp, line 773]
Event: 0.582 Thread 0x000001c27b681800 Exception <a 'java/lang/NoSuchMethodError'{0x00000000d8bcdab8}: 'java.lang.Object java.lang.invoke.DirectMethodHandle$Holder.invokeStatic(java.lang.Object, java.lang.Object, java.lang.Object, java.lang.Object, java.lang.Object, java.lang.Object, java.lang.Object, java.lang.Object, java.lang.Object, java.lang.Object, java.lang.Object, java.lang.Object, java.lang.Object, java.lang.Object, java.lang.Object)'> (0x00000000d8bcdab8) thrown at [./src/hotspot/share/interpreter/linkResolver.cpp, line 773]
Event: 0.583 Thread 0x000001c27b681800 Exception <a 'java/lang/NoSuchMethodError'{0x00000000d8bdb670}: 'java.lang.Object java.lang.invoke.DirectMethodHandle$Holder.invokeStatic(java.lang.Object, java.lang.Object, java.lang.Object, java.lang.Object, java.lang.Object, java.lang.Object, java.lang.Object, java.lang.Object, java.lang.Object, java.lang.Object, java.lang.Object, java.lang.Object, java.lang.Object, java.lang.Object, java.lang.Object, java.lang.Object)'> (0x00000000d8bdb670) thrown at [./src/hotspot/share/interpreter/linkResolver.cpp, l
Event: 0.584 Thread 0x000001c27b681800 Exception <a 'java/lang/NoSuchMethodError'{0x00000000d8be93a0}: 'java.lang.Object java.lang.invoke.DirectMethodHandle$Holder.invokeSpecial(java.lang.Object, java.lang.Object, int, int, java.lang.Object, java.lang.Object, java.lang.Object)'> (0x00000000d8be93a0) thrown at [./src/hotspot/share/interpreter/linkResolver.cpp, line 773]
Event: 0.584 Thread 0x000001c27b681800 Exception <a 'java/lang/NoSuchMethodError'{0x00000000d8bec930}: 'java.lang.Object java.lang.invoke.DelegatingMethodHandle$Holder.reinvoke_L(java.lang.Object, int, int, java.lang.Object, java.lang.Object, java.lang.Object)'> (0x00000000d8bec930) thrown at [./src/hotspot/share/interpreter/linkResolver.cpp, line 773]
Event: 0.586 Thread 0x000001c27b681800 Exception <a 'java/lang/NoSuchMethodError'{0x00000000d8bfaf88}: 'java.lang.Object java.lang.invoke.DirectMethodHandle$Holder.invokeStatic(java.lang.Object, java.lang.Object, java.lang.Object, java.lang.Object, java.lang.Object, java.lang.Object, int)'> (0x00000000d8bfaf88) thrown at [./src/hotspot/share/interpreter/linkResolver.cpp, line 773]

Events (20 events):
Event: 0.572 loading class java/lang/invoke/BoundMethodHandle$Species_LLLLLLLLLLI done
Event: 0.573 loading class java/lang/invoke/BoundMethodHandle$Species_LLLLLLLLLLII
Event: 0.573 loading class java/lang/invoke/BoundMethodHandle$Species_LLLLLLLLLLII done
Event: 0.574 loading class java/lang/invoke/BoundMethodHandle$Species_LLLLLLLLLLIIL
Event: 0.574 loading class java/lang/invoke/BoundMethodHandle$Species_LLLLLLLLLLIIL done
Event: 0.581 Thread 0x000001c21401c800 Thread added: 0x000001c21401c800
Event: 0.581 loading class java/lang/invoke/BoundMethodHandle$Species_LLLLLLLLLLLL
Event: 0.581 loading class java/lang/invoke/BoundMethodHandle$Species_LLLLLLLLLLLL done
Event: 0.583 loading class java/lang/invoke/BoundMethodHandle$Species_LLLLLLLLLLLLL
Event: 0.583 loading class java/lang/invoke/BoundMethodHandle$Species_LLLLLLLLLLLLL done
Event: 0.586 loading class java/lang/invoke/BoundMethodHandle$Species_LLLI
Event: 0.586 loading class java/lang/invoke/BoundMethodHandle$Species_LLLI done
Event: 0.586 loading class java/lang/invoke/BoundMethodHandle$Species_LLLII
Event: 0.586 loading class java/lang/invoke/BoundMethodHandle$Species_LLLII done
Event: 0.588 loading class java/lang/invoke/BoundMethodHandle$Species_LLLIIL
Event: 0.588 loading class java/lang/invoke/BoundMethodHandle$Species_LLLIIL done
Event: 0.589 loading class java/lang/invoke/BoundMethodHandle$Species_LLLIILL
Event: 0.589 loading class java/lang/invoke/BoundMethodHandle$Species_LLLIILL done
Event: 0.593 loading class java/lang/invoke/BoundMethodHandle$Species_LLLIILLL
Event: 0.593 loading class java/lang/invoke/BoundMethodHandle$Species_LLLIILLL done


Dynamic libraries:
0x00007ff69e070000 - 0x00007ff69e07a000 	C:\Program Files\JetBrains\PhpStorm 2021.3\jbr\bin\java.exe
0x00007ff8c0a50000 - 0x00007ff8c0c48000 	C:\Windows\SYSTEM32\ntdll.dll
0x00007ff88ff00000 - 0x00007ff88ff19000 	C:\Program Files\Avast Software\Avast\aswhook.dll
0x00007ff8bea80000 - 0x00007ff8beb3d000 	C:\Windows\System32\KERNEL32.DLL
0x00007ff8be340000 - 0x00007ff8be636000 	C:\Windows\System32\KERNELBASE.dll
0x00007ff8be130000 - 0x00007ff8be230000 	C:\Windows\System32\ucrtbase.dll
0x00007ff8a29f0000 - 0x00007ff8a2a09000 	C:\Program Files\JetBrains\PhpStorm 2021.3\jbr\bin\jli.dll
0x00007ff8bf380000 - 0x00007ff8bf51e000 	C:\Windows\System32\USER32.dll
0x00007ff8be8a0000 - 0x00007ff8be8c2000 	C:\Windows\System32\win32u.dll
0x00007ff8a6da0000 - 0x00007ff8a703a000 	C:\Windows\WinSxS\amd64_microsoft.windows.common-controls_6595b64144ccf1df_6.0.19041.3636_none_60b6a03d71f818d5\COMCTL32.dll
0x00007ff8bedf0000 - 0x00007ff8bee1c000 	C:\Windows\System32\GDI32.dll
0x00007ff8beed0000 - 0x00007ff8bef6e000 	C:\Windows\System32\msvcrt.dll
0x00007ff8be780000 - 0x00007ff8be89a000 	C:\Windows\System32\gdi32full.dll
0x00007ff8be230000 - 0x00007ff8be2cd000 	C:\Windows\System32\msvcp_win.dll
0x00007ff8b9130000 - 0x00007ff8b9147000 	C:\Program Files\JetBrains\PhpStorm 2021.3\jbr\bin\VCRUNTIME140.dll
0x00007ff8bf350000 - 0x00007ff8bf380000 	C:\Windows\System32\IMM32.DLL
0x00007ff864eb0000 - 0x00007ff864f4d000 	C:\Program Files\JetBrains\PhpStorm 2021.3\jbr\bin\msvcp140.dll
0x00007ff84ee50000 - 0x00007ff84f9c6000 	C:\Program Files\JetBrains\PhpStorm 2021.3\jbr\bin\server\jvm.dll
0x00007ff8bee20000 - 0x00007ff8beecf000 	C:\Windows\System32\ADVAPI32.dll
0x00007ff8bed50000 - 0x00007ff8bedec000 	C:\Windows\System32\sechost.dll
0x00007ff8c0700000 - 0x00007ff8c0826000 	C:\Windows\System32\RPCRT4.dll
0x00007ff8bf250000 - 0x00007ff8bf258000 	C:\Windows\System32\PSAPI.DLL
0x00007ff8b0020000 - 0x00007ff8b0029000 	C:\Windows\SYSTEM32\WSOCK32.dll
0x00007ff8b3930000 - 0x00007ff8b3957000 	C:\Windows\SYSTEM32\WINMM.dll
0x00007ff8b87d0000 - 0x00007ff8b87da000 	C:\Windows\SYSTEM32\VERSION.dll
0x00007ff8bf2e0000 - 0x00007ff8bf34b000 	C:\Windows\System32\WS2_32.dll
0x00007ff8bbfa0000 - 0x00007ff8bbfb2000 	C:\Windows\SYSTEM32\kernel.appcore.dll
0x00007ff8ace80000 - 0x00007ff8ace91000 	C:\Program Files\JetBrains\PhpStorm 2021.3\jbr\bin\verify.dll
0x00007ff8b7000000 - 0x00007ff8b71e4000 	C:\Windows\SYSTEM32\DBGHELP.DLL
0x00007ff8b3c00000 - 0x00007ff8b3c34000 	C:\Windows\SYSTEM32\dbgcore.DLL
0x00007ff8be640000 - 0x00007ff8be6c2000 	C:\Windows\System32\bcryptPrimitives.dll
0x00007ff8a3fa0000 - 0x00007ff8a3fc9000 	C:\Program Files\JetBrains\PhpStorm 2021.3\jbr\bin\java.dll
0x00007ff8b9250000 - 0x00007ff8b925b000 	C:\Program Files\JetBrains\PhpStorm 2021.3\jbr\bin\jimage.dll
0x00007ff8a18f0000 - 0x00007ff8a1908000 	C:\Program Files\JetBrains\PhpStorm 2021.3\jbr\bin\zip.dll
0x00007ff8bf8f0000 - 0x00007ff8c0035000 	C:\Windows\System32\SHELL32.dll
0x00007ff8bc1a0000 - 0x00007ff8bc93b000 	C:\Windows\SYSTEM32\windows.storage.dll
0x00007ff8bf520000 - 0x00007ff8bf874000 	C:\Windows\System32\combase.dll
0x00007ff8bda60000 - 0x00007ff8bda8d000 	C:\Windows\SYSTEM32\Wldp.dll
0x00007ff8c0650000 - 0x00007ff8c06fd000 	C:\Windows\System32\SHCORE.dll
0x00007ff8bf280000 - 0x00007ff8bf2d5000 	C:\Windows\System32\shlwapi.dll
0x00007ff8be030000 - 0x00007ff8be055000 	C:\Windows\SYSTEM32\profapi.dll
0x00007ff8a0090000 - 0x00007ff8a00aa000 	C:\Program Files\JetBrains\PhpStorm 2021.3\jbr\bin\net.dll
0x00007ff8b6ea0000 - 0x00007ff8b6faa000 	C:\Windows\SYSTEM32\WINHTTP.dll
0x00007ff8bd840000 - 0x00007ff8bd8aa000 	C:\Windows\system32\mswsock.dll
0x00007ff8a0070000 - 0x00007ff8a0084000 	C:\Program Files\JetBrains\PhpStorm 2021.3\jbr\bin\nio.dll
0x00007ff8bdaa0000 - 0x00007ff8bdab8000 	C:\Windows\SYSTEM32\CRYPTSP.dll
0x00007ff8bd120000 - 0x00007ff8bd154000 	C:\Windows\system32\rsaenh.dll
0x00007ff8be100000 - 0x00007ff8be127000 	C:\Windows\System32\bcrypt.dll
0x00007ff8bdff0000 - 0x00007ff8be01e000 	C:\Windows\SYSTEM32\USERENV.dll
0x00007ff8bd9d0000 - 0x00007ff8bd9dc000 	C:\Windows\SYSTEM32\CRYPTBASE.dll
0x00007ff8bd500000 - 0x00007ff8bd53b000 	C:\Windows\SYSTEM32\IPHLPAPI.DLL
0x00007ff8c08b0000 - 0x00007ff8c08b8000 	C:\Windows\System32\NSI.dll
0x00007ff8b85c0000 - 0x00007ff8b85d7000 	C:\Windows\SYSTEM32\dhcpcsvc6.DLL
0x00007ff8b85a0000 - 0x00007ff8b85bd000 	C:\Windows\SYSTEM32\dhcpcsvc.DLL
0x00007ff8bd540000 - 0x00007ff8bd60a000 	C:\Windows\SYSTEM32\DNSAPI.dll
0x00007ff8ab350000 - 0x00007ff8ab358000 	C:\Program Files\JetBrains\PhpStorm 2021.3\jbr\bin\rmi.dll

dbghelp: loaded successfully - version: 4.0.5 - missing functions: none
symbol engine: initialized successfully - sym options: 0x614 - pdb path: (cannot be retrieved)

VM Arguments:
jvm_args: -Djava.rmi.server.hostname=127.0.0.1 -Duser.timezone=UTC -Xmx750m -Xms128m -Dfile.encoding=UTF-8 
java_command: com.intellij.database.remote.RemoteJdbcServer org.sqlite.JDBC
java_class_path (initial): C:\Program Files\JetBrains\PhpStorm 2021.3\lib\util.jar;C:\Program Files\JetBrains\PhpStorm 2021.3\lib\org_codehaus_groovy_groovy.jar;C:\Program Files\JetBrains\PhpStorm 2021.3\plugins\DatabaseTools\lib\jdbc-console.jar;C:\Users\david\AppData\Roaming\JetBrains\PhpStorm2021.3\jdbc-drivers\Xerial SQLiteJDBC\3.40.1\org\xerial\sqlite-jdbc\3.40.1.0\sqlite-jdbc-3.40.1.0.jar
Launcher Type: SUN_STANDARD

[Global flags]
     intx CICompilerCount                          = 4                                         {product} {ergonomic}
     uint ConcGCThreads                            = 3                                         {product} {ergonomic}
     uint G1ConcRefinementThreads                  = 10                                        {product} {ergonomic}
   size_t G1HeapRegionSize                         = 1048576                                   {product} {ergonomic}
    uintx GCDrainStackTargetSize                   = 64                                        {product} {ergonomic}
   size_t InitialHeapSize                          = 134217728                                 {product} {command line}
   size_t MarkStackSize                            = 4194304                                   {product} {ergonomic}
   size_t MaxHeapSize                              = 786432000                                 {product} {command line}
   size_t MaxNewSize                               = 471859200                                 {product} {ergonomic}
   size_t MinHeapDeltaBytes                        = 1048576                                   {product} {ergonomic}
    uintx NonNMethodCodeHeapSize                   = 5836300                                {pd product} {ergonomic}
    uintx NonProfiledCodeHeapSize                  = 122910970                              {pd product} {ergonomic}
    uintx ProfiledCodeHeapSize                     = 122910970                              {pd product} {ergonomic}
    uintx ReservedCodeCacheSize                    = 251658240                              {pd product} {ergonomic}
     bool SegmentedCodeCache                       = true                                      {product} {ergonomic}
     bool UseCompressedClassPointers               = true                                 {lp64_product} {ergonomic}
     bool UseCompressedOops                        = true                                 {lp64_product} {ergonomic}
     bool UseG1GC                                  = true                                      {product} {ergonomic}
     bool UseLargePagesIndividualAllocation        = false                                  {pd product} {ergonomic}

Logging:
Log output configuration:
 #0: stdout all=warning uptime,level,tags
 #1: stderr all=off uptime,level,tags

Environment Variables:
PATH=C:\Windows\system32;C:\Windows;C:\Windows\System32\Wbem;C:\Windows\System32\WindowsPowerShell\v1.0\;C:\Windows\System32\OpenSSH\;C:\Program Files\MySQL\MySQL Server 8.0\bin;C:\Program Files (x86)\MySQL;C:\Program Files\MySQL;C:\Program Files\PuTTY\;D:\php;C:\Program Files\nodejs\;C:\composer;D:\SOFT\php-8.1;C:\Program Files\Git\cmd;C:\Users\david\AppData\Local\Microsoft\WindowsApps;C:\Program Files\Azure Data Studio\bin;C:\Users\david\AppData\Local\Programs\Microsoft VS Code\bin;C:\php;D:\PhpStorm 2021.3.3\bin;;D:\php;C:\Users\david\AppData\Roaming\Composer\vendor\bin;C:\Users\david\AppData\Roaming\npm
USERNAME=david
OS=Windows_NT
PROCESSOR_IDENTIFIER=Intel64 Family 6 Model 165 Stepping 5, GenuineIntel



---------------  S Y S T E M  ---------------

OS: Windows 10 , 64 bit Build 19041 (10.0.19041.3636)
OS uptime: 1 days 11:48 hours
Hyper-V role detected

CPU:total 12 (initial active 12) (6 cores per cpu, 2 threads per core) family 6 model 165 stepping 5 microcode 0xe2, cmov, cx8, fxsr, mmx, sse, sse2, sse3, ssse3, sse4.1, sse4.2, popcnt, avx, avx2, aes, clmul, erms, 3dnowpref, lzcnt, ht, tsc, tscinvbit, bmi1, bmi2, adx, fma

Memory: 4k page, system-wide physical 16322M (4375M free)
TotalPageFile size 16322M (AvailPageFile size 5M)
current process WorkingSet (physical memory assigned to process): 59M, peak: 59M
current process commit charge ("private bytes"): 220M, peak: 220M

vm_info: OpenJDK 64-Bit Server VM (11.0.13+7-b1751.19) for windows-amd64 JRE (11.0.13+7-b1751.19), built on Nov  9 2021 11:31:28 by "" with MS VC++ 14.0 (VS2015)

END.
